<?xml version="1.0" encoding="UTF-8"?>
<robot generator="Robot 3.0 (Jython 2.7.0 on java1.8.0_121)" generated="20170223 18:09:46.306">
<suite source="C:\Users\moonb\OneDrive\Documents\1Spring2017\Software\ArgParser\ArgumentParser\src\test\acceptancetest" name="Acceptancetest" id="s1">
<suite source="C:\Users\moonb\OneDrive\Documents\1Spring2017\Software\ArgParser\ArgumentParser\src\test\acceptancetest\parseArgumentTest.robot" name="parseArgumentTest" id="s1-s1">
<test name="Test Volume Calculator Normal Function" id="s1-s1-t1">
<kw library="keywords.ParseArgumentKeywords" name="Start Volume Calculator With Arguments">
<arguments>
<arg>7</arg>
<arg>5</arg>
<arg>2</arg>
</arguments>
<status endtime="20170223 18:09:48.586" starttime="20170223 18:09:48.535" status="PASS"></status>
</kw>
<kw library="keywords.ParseArgumentKeywords" name="Get Length">
<assign>
<var>${length}</var>
</assign>
<msg level="INFO" timestamp="20170223 18:09:48.622">${length} = 7</msg>
<status endtime="20170223 18:09:48.625" starttime="20170223 18:09:48.597" status="PASS"></status>
</kw>
<kw library="BuiltIn" name="Should Be Equal">
<doc>Fails if the given objects are unequal.</doc>
<arguments>
<arg>7</arg>
<arg>${length}</arg>
</arguments>
<status endtime="20170223 18:09:48.646" starttime="20170223 18:09:48.632" status="PASS"></status>
</kw>
<kw library="keywords.ParseArgumentKeywords" name="Get Width">
<assign>
<var>${width}</var>
</assign>
<msg level="INFO" timestamp="20170223 18:09:48.665">${width} = 5</msg>
<status endtime="20170223 18:09:48.669" starttime="20170223 18:09:48.651" status="PASS"></status>
</kw>
<kw library="BuiltIn" name="Should Be Equal">
<doc>Fails if the given objects are unequal.</doc>
<arguments>
<arg>5</arg>
<arg>${width}</arg>
</arguments>
<status endtime="20170223 18:09:48.696" starttime="20170223 18:09:48.680" status="PASS"></status>
</kw>
<kw library="keywords.ParseArgumentKeywords" name="Get Height">
<assign>
<var>${height}</var>
</assign>
<msg level="INFO" timestamp="20170223 18:09:48.728">${height} = 2</msg>
<status endtime="20170223 18:09:48.730" starttime="20170223 18:09:48.702" status="PASS"></status>
</kw>
<kw library="BuiltIn" name="Should Be Equal">
<doc>Fails if the given objects are unequal.</doc>
<arguments>
<arg>2</arg>
<arg>${height}</arg>
</arguments>
<status endtime="20170223 18:09:48.746" starttime="20170223 18:09:48.734" status="PASS"></status>
</kw>
<kw library="keywords.ParseArgumentKeywords" name="Get Program Output">
<assign>
<var>${output}</var>
</assign>
<msg level="INFO" timestamp="20170223 18:09:48.756">${output} = 70</msg>
<status endtime="20170223 18:09:48.758" starttime="20170223 18:09:48.749" status="PASS"></status>
</kw>
<kw library="BuiltIn" name="Should Be Equal">
<doc>Fails if the given objects are unequal.</doc>
<arguments>
<arg>${output}</arg>
<arg>70</arg>
</arguments>
<status endtime="20170223 18:09:48.774" starttime="20170223 18:09:48.763" status="PASS"></status>
</kw>
<status critical="yes" endtime="20170223 18:09:48.809" starttime="20170223 18:09:48.491" status="PASS"></status>
</test>
<test name="Test Unrecognized Argument" id="s1-s1-t2">
<kw library="keywords.ParseArgumentKeywords" name="Start Volume Calculator With Arguments">
<arguments>
<arg>7</arg>
<arg>5</arg>
<arg>2</arg>
<arg>43</arg>
</arguments>
<status endtime="20170223 18:09:48.841" starttime="20170223 18:09:48.831" status="PASS"></status>
</kw>
<kw library="keywords.ParseArgumentKeywords" name="Get Program Output">
<assign>
<var>${output}</var>
</assign>
<msg level="INFO" timestamp="20170223 18:09:48.862">${output} = usage: java VolumeCalculator length width height
VolumeCalculator.java: error: unrecognized arguments: 43 </msg>
<status endtime="20170223 18:09:48.871" starttime="20170223 18:09:48.853" status="PASS"></status>
</kw>
<kw library="BuiltIn" name="Should Be Equal">
<doc>Fails if the given objects are unequal.</doc>
<arguments>
<arg>${output}</arg>
<arg>${expected}</arg>
</arguments>
<msg level="FAIL" timestamp="20170223 18:09:48.895">usage: java VolumeCalculator length width height
VolumeCalculator.java: error: unrecognized arguments: 43  != usage: java VolumeCalculator length width height
VolumeCalculator.java: error: unrecognized arguments: 43</msg>
<status endtime="20170223 18:09:48.900" starttime="20170223 18:09:48.876" status="FAIL"></status>
</kw>
<status critical="yes" endtime="20170223 18:09:48.941" starttime="20170223 18:09:48.817" status="FAIL">usage: java VolumeCalculator length width height
VolumeCalculator.java: error: unrecognized arguments: 43  != usage: java VolumeCalculator length width height
VolumeCalculator.java: error: unrecognized arguments: 43</status>
</test>
<test name="Test Absurd Program Normal Function" id="s1-s1-t3">
<kw library="keywords.ParseArgumentKeywords" name="Start Absurd Program With Arguments">
<arguments>
<arg>dog</arg>
<arg>2</arg>
<arg>true</arg>
<arg>3.5</arg>
</arguments>
<status endtime="20170223 18:09:49.026" starttime="20170223 18:09:48.969" status="PASS"></status>
</kw>
<kw library="keywords.ParseArgumentKeywords" name="Get Pet">
<assign>
<var>${pet}</var>
</assign>
<msg level="INFO" timestamp="20170223 18:09:49.042">${pet} = dog</msg>
<status endtime="20170223 18:09:49.048" starttime="20170223 18:09:49.035" status="PASS"></status>
</kw>
<kw library="BuiltIn" name="Should Be Equal">
<doc>Fails if the given objects are unequal.</doc>
<arguments>
<arg>dog</arg>
<arg>${pet}</arg>
</arguments>
<status endtime="20170223 18:09:49.107" starttime="20170223 18:09:49.052" status="PASS"></status>
</kw>
<kw library="keywords.ParseArgumentKeywords" name="Get Number">
<assign>
<var>${number}</var>
</assign>
<msg level="INFO" timestamp="20170223 18:09:49.122">${number} = 2</msg>
<status endtime="20170223 18:09:49.124" starttime="20170223 18:09:49.114" status="PASS"></status>
</kw>
<kw library="BuiltIn" name="Should Be Equal">
<doc>Fails if the given objects are unequal.</doc>
<arguments>
<arg>2</arg>
<arg>${number}</arg>
</arguments>
<status endtime="20170223 18:09:49.140" starttime="20170223 18:09:49.130" status="PASS"></status>
</kw>
<kw library="keywords.ParseArgumentKeywords" name="Get Rainy">
<assign>
<var>${rainy}</var>
</assign>
<msg level="INFO" timestamp="20170223 18:09:49.204">${rainy} = true</msg>
<status endtime="20170223 18:09:49.206" starttime="20170223 18:09:49.195" status="PASS"></status>
</kw>
<kw library="BuiltIn" name="Should Be Equal">
<doc>Fails if the given objects are unequal.</doc>
<arguments>
<arg>true</arg>
<arg>${rainy}</arg>
</arguments>
<status endtime="20170223 18:09:49.222" starttime="20170223 18:09:49.212" status="PASS"></status>
</kw>
<kw library="keywords.ParseArgumentKeywords" name="Get Bathrooms">
<assign>
<var>${bathrooms}</var>
</assign>
<msg level="INFO" timestamp="20170223 18:09:49.283">${bathrooms} = 3.5</msg>
<status endtime="20170223 18:09:49.289" starttime="20170223 18:09:49.229" status="PASS"></status>
</kw>
<kw library="BuiltIn" name="Should Be Equal">
<doc>Fails if the given objects are unequal.</doc>
<arguments>
<arg>3.5</arg>
<arg>${bathrooms}</arg>
</arguments>
<status endtime="20170223 18:09:49.305" starttime="20170223 18:09:49.296" status="PASS"></status>
</kw>
<status critical="yes" endtime="20170223 18:09:49.309" starttime="20170223 18:09:48.953" status="PASS"></status>
</test>
<status endtime="20170223 18:09:49.381" starttime="20170223 18:09:48.166" status="FAIL"></status>
</suite>
<status endtime="20170223 18:09:49.434" starttime="20170223 18:09:46.449" status="FAIL"></status>
</suite>
<statistics>
<total>
<stat pass="2" fail="1">Critical Tests</stat>
<stat pass="2" fail="1">All Tests</stat>
</total>
<tag>
</tag>
<suite>
<stat pass="2" fail="1" name="Acceptancetest" id="s1">Acceptancetest</stat>
<stat pass="2" fail="1" name="parseArgumentTest" id="s1-s1">Acceptancetest.parseArgumentTest</stat>
</suite>
</statistics>
<errors>
</errors>
</robot>
